                      :-) GROMACS - gmx mdrun, 2025.1 (-:

Copyright 1991-2025 The GROMACS Authors.
GROMACS is free software; you can redistribute it and/or modify it
under the terms of the GNU Lesser General Public License
as published by the Free Software Foundation; either version 2.1
of the License, or (at your option) any later version.

                         Current GROMACS contributors:
       Mark Abraham           Andrey Alekseenko           Brian Andrews       
      Vladimir Basov              Paul Bauer                Hugh Bird         
      Eliane Briand               Ania Brown              Mahesh Doijade      
      Giacomo Fiorin          Stefan Fleischmann          Sergey Gorelov      
   Gilles Gouaillardet            Alan Gray              M. Eric Irrgang      
   Farzaneh Jalalypour         Petter Johansson          Carsten Kutzner      
    Grzegorz Łazarski         Justin A. Lemkul          Magnus Lundborg      
       Pascal Merz             Vedran Miletić            Dmitry Morozov      
     Lukas Müllender            Julien Nabet             Szilárd Páll      
 Andrea Pasquadibisceglie     Michele Pellegrino         Nicola Piasentin     
     Daniele Rapetti         Muhammad Umair Sadiq         Hubert Santuz       
      Roland Schulz             Michael Shirts           Tatiana Shugaeva     
     Alexey Shvetsov            Philip Turner            Alessandra Villa     
 Sebastian Wingbermühle  

                         Previous GROMACS contributors:
        Emile Apol             Rossen Apostolov           James Barnett       
  Herman J.C. Berendsen         Cathrine Bergh             Par Bjelkmar       
      Christian Blau          Viacheslav Bolnykh            Kevin Boyd        
    Aldert van Buuren          Carlo Camilloni           Rudi van Drunen      
      Anton Feenstra           Oliver Fleetwood            Vytas Gapsys       
       Gaurav Garg             Gerrit Groenhof            Bert de Groot       
      Anca Hamuraru           Vincent Hindriksen          Victor Holanda      
     Aleksei Iupinov              Joe Jordan            Christoph Junghans    
    Prashanth Kanduri        Dimitrios Karkoulis           Peter Kasson       
      Sebastian Kehl           Sebastian Keller             Jiri Kraus        
       Per Larsson              Viveca Lindahl            Erik Marklund       
    Pieter Meulenhoff           Teemu Murtola              Sander Pronk       
      Alfons Sijbers            Balint Soproni         David van der Spoel    
      Peter Tieleman            Carsten Uphoff             Jon Vincent        
     Teemu Virolainen         Christian Wennberg           Maarten Wolf       
      Artem Zhmurov       

                  Coordinated by the GROMACS project leaders:
                           Berk Hess and Erik Lindahl

GROMACS:      gmx mdrun, version 2025.1
Executable:   /usr/local/gromacs/bin/gmx
Data prefix:  /usr/local/gromacs
Working dir:  /home/david/Desktop/Cys_attempt/4_MD
Process ID:   10062
Command line:
  gmx mdrun -v -deffnm md

GROMACS version:     2025.1
Precision:           mixed
Memory model:        64 bit
MPI library:         thread_mpi
OpenMP support:      enabled (GMX_OPENMP_MAX_THREADS = 128)
GPU support:         disabled
SIMD instructions:   AVX2_256
CPU FFT library:     fftw-3.3.10-sse2-avx-avx2-avx2_128
GPU FFT library:     none
Multi-GPU FFT:       none
RDTSCP usage:        enabled
TNG support:         enabled
Hwloc support:       disabled
Tracing support:     disabled
C compiler:          /usr/bin/cc GNU 13.3.0
C compiler flags:    -fexcess-precision=fast -funroll-all-loops -mavx2 -mfma -Wno-missing-field-initializers -O3 -DNDEBUG
C++ compiler:        /usr/bin/c++ GNU 13.3.0
C++ compiler flags:  -fexcess-precision=fast -funroll-all-loops -mavx2 -mfma -Wno-missing-field-initializers -Wno-cast-function-type-strict SHELL:-fopenmp -O3 -DNDEBUG
BLAS library:        Internal
LAPACK library:      Internal


Running on 1 node with total 2 cores, 4 processing units
Hardware detected on host david-X541UV:
  CPU info:
    Vendor: Intel
    Brand:  Intel(R) Core(TM) i7-6500U CPU @ 2.50GHz
    Family: 6   Model: 78   Stepping: 3
    Features: aes apic avx avx2 clfsh cmov cx8 cx16 f16c fma htt intel lahf mmx msr nonstop_tsc pcid pclmuldq pdcm pdpe1gb popcnt pse rdrnd rdtscp sse2 sse3 sse4.1 sse4.2 ssse3 tdt x2apic
  Hardware topology: Basic
    Packages, cores, and logical processors:
    [indices refer to OS logical processors]
      Package  0: [   0   2] [   1   3]
    CPU limit set by OS: -1   Recommended max number of threads: 4


++++ PLEASE READ AND CITE THE FOLLOWING REFERENCE ++++
M. J. Abraham, T. Murtola, R. Schulz, S. Páll, J. C. Smith, B. Hess, E.
Lindahl
GROMACS: High performance molecular simulations through multi-level
parallelism from laptops to supercomputers
SoftwareX (2015)
DOI: 10.1016/j.softx.2015.06.001
-------- -------- --- Thank You --- -------- --------


++++ PLEASE READ AND CITE THE FOLLOWING REFERENCE ++++
S. Páll, M. J. Abraham, C. Kutzner, B. Hess, E. Lindahl
Tackling Exascale Software Challenges in Molecular Dynamics Simulations with
GROMACS
In S. Markidis & E. Laure (Eds.), Solving Software Challenges for Exascale (2015)
DOI: 10.1007/978-3-319-15976-8_1
-------- -------- --- Thank You --- -------- --------


++++ PLEASE READ AND CITE THE FOLLOWING REFERENCE ++++
S. Pronk, S. Páll, R. Schulz, P. Larsson, P. Bjelkmar, R. Apostolov, M. R.
Shirts, J. C. Smith, P. M. Kasson, D. van der Spoel, B. Hess, E. Lindahl
GROMACS 4.5: a high-throughput and highly parallel open source molecular
simulation toolkit
Bioinformatics (2013)
DOI: 10.1093/bioinformatics/btt055
-------- -------- --- Thank You --- -------- --------


++++ PLEASE READ AND CITE THE FOLLOWING REFERENCE ++++
B. Hess, C. Kutzner, D. van der Spoel, E. Lindahl
GROMACS 4: Algorithms for highly efficient, load-balanced, and scalable
molecular simulation
J. Chem. Theory Comput. (2008)
DOI: 10.1021/ct700301q
-------- -------- --- Thank You --- -------- --------


++++ PLEASE READ AND CITE THE FOLLOWING REFERENCE ++++
D. van der Spoel, E. Lindahl, B. Hess, G. Groenhof, A. E. Mark, H. J. C.
Berendsen
GROMACS: Fast, Flexible and Free
J. Comp. Chem. (2005)
DOI: 10.1002/jcc.20291
-------- -------- --- Thank You --- -------- --------


++++ PLEASE READ AND CITE THE FOLLOWING REFERENCE ++++
E. Lindahl, B. Hess, D. van der Spoel
GROMACS 3.0: A package for molecular simulation and trajectory analysis
J. Mol. Mod. (2001)
DOI: 10.1007/s008940100045
-------- -------- --- Thank You --- -------- --------


++++ PLEASE READ AND CITE THE FOLLOWING REFERENCE ++++
H. J. C. Berendsen, D. van der Spoel and R. van Drunen
GROMACS: A message-passing parallel molecular dynamics implementation
Comp. Phys. Comm. (1995)
DOI: 10.1016/0010-4655(95)00042-E
-------- -------- --- Thank You --- -------- --------


++++ PLEASE CITE THE DOI FOR THIS VERSION OF GROMACS ++++
https://doi.org/10.5281/zenodo.15006630
-------- -------- --- Thank You --- -------- --------

Input Parameters:
   integrator                     = md
   tinit                          = 0
   dt                             = 0.002
   nsteps                         = 2500000
   init-step                      = 0
   simulation-part                = 1
   mts                            = false
   mass-repartition-factor        = 1
   comm-mode                      = Linear
   nstcomm                        = 100
   bd-fric                        = 0
   ld-seed                        = -806355777
   emtol                          = 10
   emstep                         = 0.01
   niter                          = 20
   fcstep                         = 0
   nstcgsteep                     = 1000
   nbfgscorr                      = 10
   rtpi                           = 0.05
   nstxout                        = 500
   nstvout                        = 500
   nstfout                        = 0
   nstlog                         = 50000
   nstcalcenergy                  = 100
   nstenergy                      = 500
   nstxout-compressed             = 20000
   compressed-x-precision         = 1000
   cutoff-scheme                  = Verlet
   nstlist                        = 40
   pbc                            = xyz
   periodic-molecules             = false
   verlet-buffer-tolerance        = 0.005
   verlet-buffer-pressure-tolerance = 0.5
   rlist                          = 1.291
   coulombtype                    = PME
   coulomb-modifier               = Potential-shift
   rcoulomb-switch                = 0
   rcoulomb                       = 1.2
   epsilon-r                      = 1
   epsilon-rf                     = inf
   vdw-type                       = Cut-off
   vdw-modifier                   = Potential-switch
   rvdw-switch                    = 1
   rvdw                           = 1.2
   DispCorr                       = EnerPres
   table-extension                = 1
   fourierspacing                 = 0.12
   fourier-nx                     = 28
   fourier-ny                     = 28
   fourier-nz                     = 28
   pme-order                      = 4
   ewald-rtol                     = 1e-05
   ewald-rtol-lj                  = 0.001
   lj-pme-comb-rule               = Geometric
   ewald-geometry                 = 3d
   epsilon-surface                = 0
   ensemble-temperature-setting   = constant
   ensemble-temperature           = 300
   tcoupl                         = V-rescale
   nsttcouple                     = 10
   nh-chain-length                = 0
   print-nose-hoover-chain-variables = false
   pcoupl                         = No
   refcoord-scaling               = No
   posres-com: not available
   posres-comB: not available
   QMMM                           = false
qm-opts:
   ngQM                           = 0
   constraint-algorithm           = Lincs
   continuation                   = true
   Shake-SOR                      = false
   shake-tol                      = 0.0001
   lincs-order                    = 4
   lincs-iter                     = 1
   lincs-warnangle                = 30
   nwall                          = 0
   wall-type                      = 9-3
   wall-r-linpot                  = -1
   wall-atomtype[0]               = -1
   wall-atomtype[1]               = -1
   wall-density[0]                = 0
   wall-density[1]                = 0
   wall-ewald-zfac                = 3
   pull                           = false
   awh                            = false
   rotation                       = false
   interactiveMD                  = false
   disre                          = No
   disre-weighting                = Conservative
   disre-mixed                    = false
   dr-fc                          = 1000
   dr-tau                         = 0
   nstdisreout                    = 100
   orire-fc                       = 0
   orire-tau                      = 0
   nstorireout                    = 100
   free-energy                    = no
   cos-acceleration               = 0
   deform (3x3):
      deform[    0]={ 0.00000e+00,  0.00000e+00,  0.00000e+00}
      deform[    1]={ 0.00000e+00,  0.00000e+00,  0.00000e+00}
      deform[    2]={ 0.00000e+00,  0.00000e+00,  0.00000e+00}
   simulated-tempering            = false
   swapcoords                     = no
   userint1                       = 0
   userint2                       = 0
   userint3                       = 0
   userint4                       = 0
   userreal1                      = 0
   userreal2                      = 0
   userreal3                      = 0
   userreal4                      = 0
   applied-forces:
     electric-field:
       x:
         E0                       = 0
         omega                    = 0
         t0                       = 0
         sigma                    = 0
       y:
         E0                       = 0
         omega                    = 0
         t0                       = 0
         sigma                    = 0
       z:
         E0                       = 0
         omega                    = 0
         t0                       = 0
         sigma                    = 0
     density-guided-simulation:
       active                     = false
       group                      = protein
       similarity-measure         = inner-product
       atom-spreading-weight      = unity
       force-constant             = 1e+09
       gaussian-transform-spreading-width = 0.2
       gaussian-transform-spreading-range-in-multiples-of-width = 4
       reference-density-filename = reference.mrc
       nst                        = 1
       normalize-densities        = true
       adaptive-force-scaling     = false
       adaptive-force-scaling-time-constant = 4
       shift-vector               = 
       transformation-matrix      = 
     qmmm-cp2k:
       active                     = false
       qmgroup                    = System
       qmmethod                   = PBE
       qmfilenames                = 
       qmcharge                   = 0
       qmmultiplicity             = 1
     colvars:
       active                     = false
       configfile                 = 
       seed                       = -1
     nnpot:
       active                     = false
       modelfile                  = model.pt
       input-group                = System
       model-input1               = 
       model-input2               = 
       model-input3               = 
       model-input4               = 
grpopts:
   nrdf:        6020
   ref-t:         300
   tau-t:         0.1
annealing:          No
annealing-npoints:           0
   acc:	           0           0           0
   nfreeze:           N           N           N
   energygrp-flags[  0]: 0

Changing nstlist from 40 to 80, rlist from 1.291 to 1.337

Update groups can not be used for this system because atoms that are (in)directly constrained together are interdispersed with other atoms

Initializing Domain Decomposition on 1 ranks
Dynamic load balancing: auto
Minimum cell size due to atom displacement: 0.579 nm
Initial maximum distances in bonded interactions:
    two-body bonded interactions: 0.412 nm, LJ-14, atoms 7 3
  multi-body bonded interactions: 0.412 nm, Proper Dih., atoms 7 3
Minimum cell size due to bonded interactions: 0.453 nm
Maximum distance for 5 constraints, at 120 deg. angles, all-trans: 0.219 nm
Estimated maximum distance required for P-LINCS: 0.219 nm
Using 0 separate PME ranks because: there are too few total ranks for efficient splitting
Optimizing the DD grid for 1 cells with a minimum initial size of 0.579 nm
The maximum allowed number of cells is: X 5 Y 5 Z 5
Domain decomposition grid 1 x 1 x 1, separate PME ranks 0
PME domain decomposition: 1 x 1 x 1

The initial number of communication pulses is:
The initial domain decomposition cell size is:

The maximum allowed distance for atoms involved in interactions is:
                 non-bonded interactions           1.337 nm
            two-body bonded interactions  (-rdd)   1.337 nm
          multi-body bonded interactions  (-rdd)   1.337 nm
              virtual site constructions  (-rcon)  3.085 nm
  atoms separated by up to 5 constraints  (-rcon)  3.085 nm

When dynamic load balancing gets turned on, these settings will change to:
The maximum number of communication pulses is:
The minimum size for domain decomposition cells is 1.337 nm
The requested allowed shrink of DD cells (option -dds) is: 0.80
The allowed shrink of domain decomposition cells is:
The maximum allowed distance for atoms involved in interactions is:
                 non-bonded interactions           1.337 nm
            two-body bonded interactions  (-rdd)   1.337 nm
          multi-body bonded interactions  (-rdd)   1.337 nm
              virtual site constructions  (-rcon)  1.337 nm
  atoms separated by up to 5 constraints  (-rcon)  1.337 nm

Local state does not use filler particles

Using 1 MPI thread
Using 4 OpenMP threads 

System total charge: 0.001
Will do PME sum in reciprocal space for electrostatic interactions.

++++ PLEASE READ AND CITE THE FOLLOWING REFERENCE ++++
U. Essmann, L. Perera, M. L. Berkowitz, T. Darden, H. Lee, L. G. Pedersen 
A smooth particle mesh Ewald method
J. Chem. Phys. (1995)
DOI: 10.1063/1.470117
-------- -------- --- Thank You --- -------- --------

Using a Gaussian width (1/beta) of 0.384195 nm for Ewald
Potential shift: LJ r^-12: 0.000e+00 r^-6: 0.000e+00, Ewald -8.333e-06
Initialized non-bonded Coulomb Ewald tables, spacing: 1.02e-03 size: 1176

Generated table with 1168 data points for 1-4 COUL.
Tabscale = 500 points/nm
Generated table with 1168 data points for 1-4 LJ6.
Tabscale = 500 points/nm
Generated table with 1168 data points for 1-4 LJ12.
Tabscale = 500 points/nm
Long Range LJ corr.: <C6> 1.7247e-04


Using SIMD4xM 4x8 nonbonded short-range kernels

Using a dual 4x8 pair-list setup updated with dynamic pruning:
  outer list: updated every 80 steps, buffer 0.137 nm, rlist 1.337 nm
  inner list: updated every 10 steps, buffer 0.000 nm, rlist 1.200 nm
At tolerance 0.005 kJ/mol/ps per atom, equivalent classical 1x1 list would be:
  outer list: updated every 80 steps, buffer 0.279 nm, rlist 1.479 nm
  inner list: updated every 10 steps, buffer 0.038 nm, rlist 1.238 nm

The average pressure is off by at most 0.06 bar due to missing LJ interactions

Linking all bonded interactions to atoms
There are 998 inter update-group virtual sites,
will perform an extra communication step for selected coordinates and forces


Pinning threads with an auto-selected logical cpu stride of 1

Initializing Parallel LINear Constraint Solver

++++ PLEASE READ AND CITE THE FOLLOWING REFERENCE ++++
B. Hess
P-LINCS: A Parallel Linear Constraint Solver for molecular simulation
J. Chem. Theory Comput. (2008)
DOI: 10.1021/ct700200b
-------- -------- --- Thank You --- -------- --------

The number of constraints is 7
There are constraints between atoms in different decomposition domains,
will communicate selected coordinates each lincs iteration

++++ PLEASE READ AND CITE THE FOLLOWING REFERENCE ++++
S. Miyamoto, P. A. Kollman
SETTLE: An Analytical Version of the SHAKE and RATTLE Algorithms for Rigid
Water Models
J. Comp. Chem. (1992)
DOI: 10.1002/jcc.540130805
-------- -------- --- Thank You --- -------- --------


++++ PLEASE READ AND CITE THE FOLLOWING REFERENCE ++++
G. Bussi, D. Donadio, M. Parrinello
Canonical sampling through velocity rescaling
J. Chem. Phys. (2007)
DOI: 10.1063/1.2408420
-------- -------- --- Thank You --- -------- --------

There are: 3008 Atoms
There are: 998 VSites
Atom distribution over 1 domains: av 4006 stddev 0 min 4006 max 4006
Center of mass motion removal mode is Linear
We have the following groups for center of mass motion removal:
  0:  System

Started mdrun on rank 0 Fri Dec 19 16:10:25 2025

           Step           Time
              0        0.00000

   Energies (kJ/mol)
           Bond          Angle    Proper Dih. Per. Imp. Dih.          LJ-14
    2.88975e+00    3.65494e+01    2.03149e+01    1.32992e-03    5.83947e+00
     Coulomb-14        LJ (SR)  Disper. corr.   Coulomb (SR)   Coul. recip.
    9.77367e+02    8.35934e+03   -1.47114e+02   -5.54156e+04    1.23398e+02
      Potential    Kinetic En.   Total Energy  Conserved En.    Temperature
   -4.60371e+04    7.59156e+03   -3.84455e+04   -3.84455e+04    3.03341e+02
 Pres. DC (bar) Pressure (bar)   Constr. rmsd
   -8.19294e+01    5.81880e+02    2.85570e-06

           Step           Time
          50000      100.00000

   Energies (kJ/mol)
           Bond          Angle    Proper Dih. Per. Imp. Dih.          LJ-14
    1.30587e+01    3.11867e+01    1.01615e+01    7.36032e-02    5.46851e+00
     Coulomb-14        LJ (SR)  Disper. corr.   Coulomb (SR)   Coul. recip.
    9.64267e+02    8.68432e+03   -1.47114e+02   -5.63234e+04    1.37770e+02
      Potential    Kinetic En.   Total Energy  Conserved En.    Temperature
   -4.66242e+04    7.22997e+03   -3.93943e+04   -3.83760e+04    2.88892e+02
 Pres. DC (bar) Pressure (bar)   Constr. rmsd
   -8.19294e+01   -1.20997e+02    1.35677e-06

           Step           Time
         100000      200.00000

   Energies (kJ/mol)
           Bond          Angle    Proper Dih. Per. Imp. Dih.          LJ-14
    4.36084e+00    3.90748e+01    1.28871e+01    3.51135e-05    9.71602e+00
     Coulomb-14        LJ (SR)  Disper. corr.   Coulomb (SR)   Coul. recip.
    9.91027e+02    8.51465e+03   -1.47114e+02   -5.60747e+04    1.26939e+02
      Potential    Kinetic En.   Total Energy  Conserved En.    Temperature
   -4.65231e+04    7.76172e+03   -3.87614e+04   -3.82898e+04    3.10140e+02
 Pres. DC (bar) Pressure (bar)   Constr. rmsd
   -8.19294e+01   -1.31406e+02    1.15928e-06

           Step           Time
         150000      300.00000

   Energies (kJ/mol)
           Bond          Angle    Proper Dih. Per. Imp. Dih.          LJ-14
    8.92108e+00    4.64022e+01    2.01073e+01    7.55882e-02    3.68084e+00
     Coulomb-14        LJ (SR)  Disper. corr.   Coulomb (SR)   Coul. recip.
    9.34054e+02    8.53362e+03   -1.47114e+02   -5.58922e+04    1.18346e+02
      Potential    Kinetic En.   Total Energy  Conserved En.    Temperature
   -4.63741e+04    7.67128e+03   -3.87028e+04   -3.81952e+04    3.06526e+02
 Pres. DC (bar) Pressure (bar)   Constr. rmsd
   -8.19294e+01   -8.63515e+01    1.46279e-06

           Step           Time
         200000      400.00000

   Energies (kJ/mol)
           Bond          Angle    Proper Dih. Per. Imp. Dih.          LJ-14
    8.93903e+00    4.29179e+01    1.43252e+01    1.71054e-01    2.92275e+00
     Coulomb-14        LJ (SR)  Disper. corr.   Coulomb (SR)   Coul. recip.
    9.50548e+02    8.77936e+03   -1.47114e+02   -5.62321e+04    1.18361e+02
      Potential    Kinetic En.   Total Energy  Conserved En.    Temperature
   -4.64617e+04    7.64035e+03   -3.88214e+04   -3.81134e+04    3.05290e+02
 Pres. DC (bar) Pressure (bar)   Constr. rmsd
   -8.19294e+01    2.96663e+02    1.06648e-06

           Step           Time
         250000      500.00000

   Energies (kJ/mol)
           Bond          Angle    Proper Dih. Per. Imp. Dih.          LJ-14
    2.71465e+01    3.49758e+01    1.90809e+01    1.32980e-01    3.15564e+00
     Coulomb-14        LJ (SR)  Disper. corr.   Coulomb (SR)   Coul. recip.
    9.69606e+02    8.88240e+03   -1.47114e+02   -5.61821e+04    1.24360e+02
      Potential    Kinetic En.   Total Energy  Conserved En.    Temperature
   -4.62684e+04    7.70612e+03   -3.85623e+04   -3.80276e+04    3.07918e+02
 Pres. DC (bar) Pressure (bar)   Constr. rmsd
   -8.19294e+01    5.68284e+02    2.66455e-06

Writing checkpoint, step 260640 at Fri Dec 19 16:25:26 2025



Reading checkpoint file md.cpt
  file generated by:     /usr/local/gromacs/bin/gmx
  file generated at:     Fri Dec 19 16:25:26 2025

  GROMACS double prec.:  0
  simulation part #:     1
  step:                  260640
  time:                  521.280000



-----------------------------------------------------------
Restarting from checkpoint, appending to previous log file.

                      :-) GROMACS - gmx mdrun, 2025.1 (-:

Executable:   /usr/local/gromacs/bin/gmx
Data prefix:  /usr/local/gromacs
Working dir:  /home/david/Desktop/Cys_attempt/4_MD
Process ID:   2679
Command line:
  gmx mdrun -v -deffnm md -cpi md

GROMACS version:     2025.1
Precision:           mixed
Memory model:        64 bit
MPI library:         thread_mpi
OpenMP support:      enabled (GMX_OPENMP_MAX_THREADS = 128)
GPU support:         disabled
SIMD instructions:   AVX2_256
CPU FFT library:     fftw-3.3.10-sse2-avx-avx2-avx2_128
GPU FFT library:     none
Multi-GPU FFT:       none
RDTSCP usage:        enabled
TNG support:         enabled
Hwloc support:       disabled
Tracing support:     disabled
C compiler:          /usr/bin/cc GNU 13.3.0
C compiler flags:    -fexcess-precision=fast -funroll-all-loops -mavx2 -mfma -Wno-missing-field-initializers -O3 -DNDEBUG
C++ compiler:        /usr/bin/c++ GNU 13.3.0
C++ compiler flags:  -fexcess-precision=fast -funroll-all-loops -mavx2 -mfma -Wno-missing-field-initializers -Wno-cast-function-type-strict SHELL:-fopenmp -O3 -DNDEBUG
BLAS library:        Internal
LAPACK library:      Internal

Changing nstlist from 40 to 80, rlist from 1.291 to 1.337

Update groups can not be used for this system because atoms that are (in)directly constrained together are interdispersed with other atoms

Initializing Domain Decomposition on 1 ranks
Dynamic load balancing: auto
Minimum cell size due to atom displacement: 0.579 nm
Initial maximum distances in bonded interactions:
    two-body bonded interactions: 0.427 nm, LJ-14, atoms 7 3
  multi-body bonded interactions: 0.427 nm, Proper Dih., atoms 7 3
Minimum cell size due to bonded interactions: 0.470 nm
Maximum distance for 5 constraints, at 120 deg. angles, all-trans: 0.219 nm
Estimated maximum distance required for P-LINCS: 0.219 nm
Using 0 separate PME ranks because: there are too few total ranks for efficient splitting
Optimizing the DD grid for 1 cells with a minimum initial size of 0.579 nm
The maximum allowed number of cells is: X 5 Y 5 Z 5
Domain decomposition grid 1 x 1 x 1, separate PME ranks 0
PME domain decomposition: 1 x 1 x 1

The initial number of communication pulses is:
The initial domain decomposition cell size is:

The maximum allowed distance for atoms involved in interactions is:
                 non-bonded interactions           1.337 nm
            two-body bonded interactions  (-rdd)   1.337 nm
          multi-body bonded interactions  (-rdd)   1.337 nm
              virtual site constructions  (-rcon)  3.085 nm
  atoms separated by up to 5 constraints  (-rcon)  3.085 nm

When dynamic load balancing gets turned on, these settings will change to:
The maximum number of communication pulses is:
The minimum size for domain decomposition cells is 1.337 nm
The requested allowed shrink of DD cells (option -dds) is: 0.80
The allowed shrink of domain decomposition cells is:
The maximum allowed distance for atoms involved in interactions is:
                 non-bonded interactions           1.337 nm
            two-body bonded interactions  (-rdd)   1.337 nm
          multi-body bonded interactions  (-rdd)   1.337 nm
              virtual site constructions  (-rcon)  1.337 nm
  atoms separated by up to 5 constraints  (-rcon)  1.337 nm

Local state does not use filler particles

Using 1 MPI thread
Using 4 OpenMP threads 

System total charge: 0.001
Will do PME sum in reciprocal space for electrostatic interactions.

++++ PLEASE READ AND CITE THE FOLLOWING REFERENCE ++++
U. Essmann, L. Perera, M. L. Berkowitz, T. Darden, H. Lee, L. G. Pedersen 
A smooth particle mesh Ewald method
J. Chem. Phys. (1995)
DOI: 10.1063/1.470117
-------- -------- --- Thank You --- -------- --------

Using a Gaussian width (1/beta) of 0.384195 nm for Ewald
Potential shift: LJ r^-12: 0.000e+00 r^-6: 0.000e+00, Ewald -8.333e-06
Initialized non-bonded Coulomb Ewald tables, spacing: 1.02e-03 size: 1176

Generated table with 1168 data points for 1-4 COUL.
Tabscale = 500 points/nm
Generated table with 1168 data points for 1-4 LJ6.
Tabscale = 500 points/nm
Generated table with 1168 data points for 1-4 LJ12.
Tabscale = 500 points/nm
Long Range LJ corr.: <C6> 1.7247e-04


Using SIMD4xM 4x8 nonbonded short-range kernels

Using a dual 4x8 pair-list setup updated with dynamic pruning:
  outer list: updated every 80 steps, buffer 0.137 nm, rlist 1.337 nm
  inner list: updated every 10 steps, buffer 0.000 nm, rlist 1.200 nm
At tolerance 0.005 kJ/mol/ps per atom, equivalent classical 1x1 list would be:
  outer list: updated every 80 steps, buffer 0.279 nm, rlist 1.479 nm
  inner list: updated every 10 steps, buffer 0.038 nm, rlist 1.238 nm

The average pressure is off by at most 0.06 bar due to missing LJ interactions

Linking all bonded interactions to atoms
There are 998 inter update-group virtual sites,
will perform an extra communication step for selected coordinates and forces


Pinning threads with an auto-selected logical cpu stride of 1

Initializing Parallel LINear Constraint Solver

++++ PLEASE READ AND CITE THE FOLLOWING REFERENCE ++++
B. Hess
P-LINCS: A Parallel Linear Constraint Solver for molecular simulation
J. Chem. Theory Comput. (2008)
DOI: 10.1021/ct700200b
-------- -------- --- Thank You --- -------- --------

The number of constraints is 7
There are constraints between atoms in different decomposition domains,
will communicate selected coordinates each lincs iteration

++++ PLEASE READ AND CITE THE FOLLOWING REFERENCE ++++
S. Miyamoto, P. A. Kollman
SETTLE: An Analytical Version of the SHAKE and RATTLE Algorithms for Rigid
Water Models
J. Comp. Chem. (1992)
DOI: 10.1002/jcc.540130805
-------- -------- --- Thank You --- -------- --------

There are: 3008 Atoms
There are: 998 VSites
Atom distribution over 1 domains: av 4006 stddev 0 min 4006 max 4006
Center of mass motion removal mode is Linear
We have the following groups for center of mass motion removal:
  0:  System

Started mdrun on rank 0 Sat Dec 20 11:35:29 2025

           Step           Time
         300000      600.00000

   Energies (kJ/mol)
           Bond          Angle    Proper Dih. Per. Imp. Dih.          LJ-14
    7.22127e+00    2.88189e+01    2.78986e+01    4.83358e-01    7.00079e+00
     Coulomb-14        LJ (SR)  Disper. corr.   Coulomb (SR)   Coul. recip.
    9.73557e+02    8.59012e+03   -1.47114e+02   -5.59516e+04    1.03243e+02
      Potential    Kinetic En.   Total Energy  Conserved En.    Temperature
   -4.63603e+04    7.53194e+03   -3.88284e+04   -3.79527e+04    3.00958e+02
 Pres. DC (bar) Pressure (bar)   Constr. rmsd
   -8.19294e+01   -1.16976e+02    5.88333e-07

           Step           Time
         350000      700.00000

   Energies (kJ/mol)
           Bond          Angle    Proper Dih. Per. Imp. Dih.          LJ-14
    1.09937e+01    3.99745e+01    1.87042e+01    8.63052e-03    4.52408e+00
     Coulomb-14        LJ (SR)  Disper. corr.   Coulomb (SR)   Coul. recip.
    9.90677e+02    8.93145e+03   -1.47114e+02   -5.66045e+04    1.15401e+02
      Potential    Kinetic En.   Total Energy  Conserved En.    Temperature
   -4.66398e+04    7.50617e+03   -3.91337e+04   -3.78680e+04    2.99928e+02
 Pres. DC (bar) Pressure (bar)   Constr. rmsd
   -8.19294e+01    3.43892e+02    3.35333e-06

           Step           Time
         400000      800.00000

   Energies (kJ/mol)
           Bond          Angle    Proper Dih. Per. Imp. Dih.          LJ-14
    1.45969e+01    3.85456e+01    1.44213e+01    2.67678e-01    1.94062e+00
     Coulomb-14        LJ (SR)  Disper. corr.   Coulomb (SR)   Coul. recip.
    9.81569e+02    9.03453e+03   -1.47114e+02   -5.66800e+04    1.34938e+02
      Potential    Kinetic En.   Total Energy  Conserved En.    Temperature
   -4.66063e+04    7.26533e+03   -3.93410e+04   -3.77689e+04    2.90305e+02
 Pres. DC (bar) Pressure (bar)   Constr. rmsd
   -8.19294e+01    5.48370e+02    2.82801e-06

           Step           Time
         450000      900.00000

   Energies (kJ/mol)
           Bond          Angle    Proper Dih. Per. Imp. Dih.          LJ-14
    1.05309e+01    3.01904e+01    1.34551e+01    4.60618e-03    5.55488e+00
     Coulomb-14        LJ (SR)  Disper. corr.   Coulomb (SR)   Coul. recip.
    9.88921e+02    8.75666e+03   -1.47114e+02   -5.59888e+04    1.19724e+02
      Potential    Kinetic En.   Total Energy  Conserved En.    Temperature
   -4.62109e+04    7.48304e+03   -3.87278e+04   -3.76807e+04    2.99004e+02
 Pres. DC (bar) Pressure (bar)   Constr. rmsd
   -8.19294e+01    3.58118e+02    3.00660e-06

           Step           Time
         500000     1000.00000

   Energies (kJ/mol)
           Bond          Angle    Proper Dih. Per. Imp. Dih.          LJ-14
    6.90340e+00    4.35247e+01    1.13668e+01    1.11351e-01    4.95413e+00
     Coulomb-14        LJ (SR)  Disper. corr.   Coulomb (SR)   Coul. recip.
    9.94283e+02    8.70270e+03   -1.47114e+02   -5.63354e+04    1.34579e+02
      Potential    Kinetic En.   Total Energy  Conserved En.    Temperature
   -4.65841e+04    7.37292e+03   -3.92112e+04   -3.75862e+04    2.94604e+02
 Pres. DC (bar) Pressure (bar)   Constr. rmsd
   -8.19294e+01    6.42686e+00    9.82250e-07

Writing checkpoint, step 546400 at Sat Dec 20 11:50:29 2025


           Step           Time
         550000     1100.00000

   Energies (kJ/mol)
           Bond          Angle    Proper Dih. Per. Imp. Dih.          LJ-14
    5.55546e+00    4.93240e+01    1.29782e+01    3.04278e-02    5.03098e+00
     Coulomb-14        LJ (SR)  Disper. corr.   Coulomb (SR)   Coul. recip.
    9.84324e+02    8.87614e+03   -1.47114e+02   -5.62439e+04    1.36242e+02
      Potential    Kinetic En.   Total Energy  Conserved En.    Temperature
   -4.63214e+04    7.50625e+03   -3.88152e+04   -3.75086e+04    2.99932e+02
 Pres. DC (bar) Pressure (bar)   Constr. rmsd
   -8.19294e+01    4.41101e+02    5.16354e-06

           Step           Time
         600000     1200.00000

   Energies (kJ/mol)
           Bond          Angle    Proper Dih. Per. Imp. Dih.          LJ-14
    1.22876e+01    3.97599e+01    1.22237e+01    1.59591e-02    2.84920e+00
     Coulomb-14        LJ (SR)  Disper. corr.   Coulomb (SR)   Coul. recip.
    9.41437e+02    8.77613e+03   -1.47114e+02   -5.61176e+04    1.19488e+02
      Potential    Kinetic En.   Total Energy  Conserved En.    Temperature
   -4.63606e+04    7.62319e+03   -3.87374e+04   -3.74247e+04    3.04604e+02
 Pres. DC (bar) Pressure (bar)   Constr. rmsd
   -8.19294e+01    1.93797e+02    2.20053e-06

           Step           Time
         650000     1300.00000

   Energies (kJ/mol)
           Bond          Angle    Proper Dih. Per. Imp. Dih.          LJ-14
    8.50595e+00    4.86788e+01    1.39046e+01    2.92840e-01    5.17170e-02
     Coulomb-14        LJ (SR)  Disper. corr.   Coulomb (SR)   Coul. recip.
    9.49818e+02    8.63828e+03   -1.47114e+02   -5.62388e+04    1.34598e+02
      Potential    Kinetic En.   Total Energy  Conserved En.    Temperature
   -4.65918e+04    7.52094e+03   -3.90708e+04   -3.73510e+04    3.00519e+02
 Pres. DC (bar) Pressure (bar)   Constr. rmsd
   -8.19294e+01   -2.75285e+02    2.17933e-06

           Step           Time
         700000     1400.00000

   Energies (kJ/mol)
           Bond          Angle    Proper Dih. Per. Imp. Dih.          LJ-14
    2.47652e+01    4.40266e+01    1.15045e+01    1.35151e-01    4.08884e+00
     Coulomb-14        LJ (SR)  Disper. corr.   Coulomb (SR)   Coul. recip.
    9.65342e+02    8.77131e+03   -1.47114e+02   -5.62100e+04    1.26736e+02
      Potential    Kinetic En.   Total Energy  Conserved En.    Temperature
   -4.64092e+04    7.45293e+03   -3.89562e+04   -3.72562e+04    2.97801e+02
 Pres. DC (bar) Pressure (bar)   Constr. rmsd
   -8.19294e+01    1.75894e+02    2.73282e-06

           Step           Time
         750000     1500.00000

   Energies (kJ/mol)
           Bond          Angle    Proper Dih. Per. Imp. Dih.          LJ-14
    1.95043e+01    4.71386e+01    1.27881e+01    5.38347e-01   -6.29363e-01
     Coulomb-14        LJ (SR)  Disper. corr.   Coulomb (SR)   Coul. recip.
    9.42640e+02    8.96042e+03   -1.47114e+02   -5.61410e+04    1.11350e+02
      Potential    Kinetic En.   Total Energy  Conserved En.    Temperature
   -4.61944e+04    7.49559e+03   -3.86988e+04   -3.71772e+04    2.99506e+02
 Pres. DC (bar) Pressure (bar)   Constr. rmsd
   -8.19294e+01    7.21886e+02    5.44918e-06

           Step           Time
         800000     1600.00000

   Energies (kJ/mol)
           Bond          Angle    Proper Dih. Per. Imp. Dih.          LJ-14
    1.25871e+01    3.55003e+01    1.59650e+01    5.84893e-02    5.41207e+00
     Coulomb-14        LJ (SR)  Disper. corr.   Coulomb (SR)   Coul. recip.
    9.55264e+02    8.46028e+03   -1.47114e+02   -5.56043e+04    1.10589e+02
      Potential    Kinetic En.   Total Energy  Conserved En.    Temperature
   -4.61557e+04    7.58258e+03   -3.85731e+04   -3.70896e+04    3.02982e+02
 Pres. DC (bar) Pressure (bar)   Constr. rmsd
   -8.19294e+01    1.53483e+01    1.59332e-06

Writing checkpoint, step 833280 at Sat Dec 20 12:05:29 2025


           Step           Time
         850000     1700.00000

   Energies (kJ/mol)
           Bond          Angle    Proper Dih. Per. Imp. Dih.          LJ-14
    1.41871e+01    4.66797e+01    1.60018e+01    3.58683e-01    1.07950e+00
     Coulomb-14        LJ (SR)  Disper. corr.   Coulomb (SR)   Coul. recip.
    9.23904e+02    8.40356e+03   -1.47114e+02   -5.56910e+04    1.15864e+02
      Potential    Kinetic En.   Total Energy  Conserved En.    Temperature
   -4.63164e+04    7.61521e+03   -3.87012e+04   -3.70172e+04    3.04286e+02
 Pres. DC (bar) Pressure (bar)   Constr. rmsd
   -8.19294e+01   -2.92175e+02    2.99459e-06

           Step           Time
         900000     1800.00000

   Energies (kJ/mol)
           Bond          Angle    Proper Dih. Per. Imp. Dih.          LJ-14
    8.57548e+00    5.83890e+01    1.65180e+01    8.81895e-02    7.47182e+00
     Coulomb-14        LJ (SR)  Disper. corr.   Coulomb (SR)   Coul. recip.
    9.65359e+02    8.75008e+03   -1.47114e+02   -5.63315e+04    1.14818e+02
      Potential    Kinetic En.   Total Energy  Conserved En.    Temperature
   -4.65574e+04    7.44086e+03   -3.91165e+04   -3.69312e+04    2.97319e+02
 Pres. DC (bar) Pressure (bar)   Constr. rmsd
   -8.19294e+01    1.37931e+02    1.71172e-06

           Step           Time
         950000     1900.00000

   Energies (kJ/mol)
           Bond          Angle    Proper Dih. Per. Imp. Dih.          LJ-14
    4.71951e+00    6.89386e+01    1.38208e+01    4.97197e-02    8.87149e+00
     Coulomb-14        LJ (SR)  Disper. corr.   Coulomb (SR)   Coul. recip.
    9.71420e+02    8.71204e+03   -1.47114e+02   -5.59253e+04    1.37211e+02
      Potential    Kinetic En.   Total Energy  Conserved En.    Temperature
   -4.61554e+04    7.27261e+03   -3.88828e+04   -3.68336e+04    2.90596e+02
 Pres. DC (bar) Pressure (bar)   Constr. rmsd
   -8.19294e+01    3.93699e+02    3.28931e-06

           Step           Time
        1000000     2000.00000

   Energies (kJ/mol)
           Bond          Angle    Proper Dih. Per. Imp. Dih.          LJ-14
    1.56894e+01    4.03400e+01    1.33218e+01    7.64948e-02    3.33789e+00
     Coulomb-14        LJ (SR)  Disper. corr.   Coulomb (SR)   Coul. recip.
    9.64670e+02    8.29686e+03   -1.47114e+02   -5.54651e+04    1.09831e+02
      Potential    Kinetic En.   Total Energy  Conserved En.    Temperature
   -4.61681e+04    7.65461e+03   -3.85135e+04   -3.67511e+04    3.05860e+02
 Pres. DC (bar) Pressure (bar)   Constr. rmsd
   -8.19294e+01   -3.76295e+02    1.68813e-06

           Step           Time
        1050000     2100.00000

   Energies (kJ/mol)
           Bond          Angle    Proper Dih. Per. Imp. Dih.          LJ-14
    6.03214e+00    5.86368e+01    1.43827e+01    1.29032e-01    2.03385e+00
     Coulomb-14        LJ (SR)  Disper. corr.   Coulomb (SR)   Coul. recip.
    9.53178e+02    9.01633e+03   -1.47114e+02   -5.66361e+04    1.26060e+02
      Potential    Kinetic En.   Total Energy  Conserved En.    Temperature
   -4.66064e+04    7.43831e+03   -3.91681e+04   -3.66615e+04    2.97217e+02
 Pres. DC (bar) Pressure (bar)   Constr. rmsd
   -8.19294e+01    5.73250e+02    1.26039e-06

           Step           Time
        1100000     2200.00000

   Energies (kJ/mol)
           Bond          Angle    Proper Dih. Per. Imp. Dih.          LJ-14
    1.37972e+01    4.43678e+01    1.85430e+01    1.89577e+00    2.09077e+00
     Coulomb-14        LJ (SR)  Disper. corr.   Coulomb (SR)   Coul. recip.
    9.62344e+02    8.92286e+03   -1.47114e+02   -5.63143e+04    1.29905e+02
      Potential    Kinetic En.   Total Energy  Conserved En.    Temperature
   -4.63656e+04    7.40650e+03   -3.89591e+04   -3.65877e+04    2.95946e+02
 Pres. DC (bar) Pressure (bar)   Constr. rmsd
   -8.19294e+01    4.16108e+02    1.36404e-06

Writing checkpoint, step 1120320 at Sat Dec 20 12:20:29 2025


           Step           Time
        1150000     2300.00000

   Energies (kJ/mol)
           Bond          Angle    Proper Dih. Per. Imp. Dih.          LJ-14
    8.03072e+00    6.02674e+01    1.33140e+01    1.51318e-01    2.54281e+00
     Coulomb-14        LJ (SR)  Disper. corr.   Coulomb (SR)   Coul. recip.
    9.50813e+02    8.81406e+03   -1.47114e+02   -5.60430e+04    1.26455e+02
      Potential    Kinetic En.   Total Energy  Conserved En.    Temperature
   -4.62145e+04    7.37821e+03   -3.88363e+04   -3.64897e+04    2.94815e+02
 Pres. DC (bar) Pressure (bar)   Constr. rmsd
   -8.19294e+01    5.42625e+02    4.74147e-06

           Step           Time
        1200000     2400.00000

   Energies (kJ/mol)
           Bond          Angle    Proper Dih. Per. Imp. Dih.          LJ-14
    3.79357e+00    3.13845e+01    1.64134e+01    5.82830e-01    8.41550e+00
     Coulomb-14        LJ (SR)  Disper. corr.   Coulomb (SR)   Coul. recip.
    9.97760e+02    8.76686e+03   -1.47114e+02   -5.62546e+04    1.29999e+02
      Potential    Kinetic En.   Total Energy  Conserved En.    Temperature
   -4.64465e+04    7.43797e+03   -3.90085e+04   -3.64030e+04    2.97203e+02
 Pres. DC (bar) Pressure (bar)   Constr. rmsd
   -8.19294e+01    2.61014e+02    1.12867e-06

           Step           Time
        1250000     2500.00000

   Energies (kJ/mol)
           Bond          Angle    Proper Dih. Per. Imp. Dih.          LJ-14
    1.04948e+01    2.83574e+01    2.22219e+01    3.72490e-01    2.51295e+00
     Coulomb-14        LJ (SR)  Disper. corr.   Coulomb (SR)   Coul. recip.
    9.76356e+02    8.99941e+03   -1.47114e+02   -5.62458e+04    1.27590e+02
      Potential    Kinetic En.   Total Energy  Conserved En.    Temperature
   -4.62256e+04    7.35478e+03   -3.88708e+04   -3.63156e+04    2.93879e+02
 Pres. DC (bar) Pressure (bar)   Constr. rmsd
   -8.19294e+01    6.79586e+02    1.32937e-06

           Step           Time
        1300000     2600.00000

   Energies (kJ/mol)
           Bond          Angle    Proper Dih. Per. Imp. Dih.          LJ-14
    1.01035e+01    3.64675e+01    1.71838e+01    5.78358e-03    1.65059e+00
     Coulomb-14        LJ (SR)  Disper. corr.   Coulomb (SR)   Coul. recip.
    9.67145e+02    8.85484e+03   -1.47114e+02   -5.65342e+04    1.22583e+02
      Potential    Kinetic En.   Total Energy  Conserved En.    Temperature
   -4.66714e+04    7.43076e+03   -3.92406e+04   -3.62317e+04    2.96915e+02
 Pres. DC (bar) Pressure (bar)   Constr. rmsd
   -8.19294e+01    1.65492e+02    1.96889e-06

           Step           Time
        1350000     2700.00000

   Energies (kJ/mol)
           Bond          Angle    Proper Dih. Per. Imp. Dih.          LJ-14
    1.05660e+01    4.91692e+01    1.11665e+01    1.69880e-01    3.77000e+00
     Coulomb-14        LJ (SR)  Disper. corr.   Coulomb (SR)   Coul. recip.
    9.51650e+02    8.77167e+03   -1.47114e+02   -5.61891e+04    1.41473e+02
      Potential    Kinetic En.   Total Energy  Conserved En.    Temperature
   -4.63966e+04    7.55222e+03   -3.88444e+04   -3.61553e+04    3.01768e+02
 Pres. DC (bar) Pressure (bar)   Constr. rmsd
   -8.19294e+01    3.79058e+02    2.43474e-06

           Step           Time
        1400000     2800.00000

   Energies (kJ/mol)
           Bond          Angle    Proper Dih. Per. Imp. Dih.          LJ-14
    6.82910e+00    4.44416e+01    1.52256e+01    1.44063e+00    5.69920e+00
     Coulomb-14        LJ (SR)  Disper. corr.   Coulomb (SR)   Coul. recip.
    1.00162e+03    8.90608e+03   -1.47114e+02   -5.63669e+04    1.20367e+02
      Potential    Kinetic En.   Total Energy  Conserved En.    Temperature
   -4.64123e+04    7.37522e+03   -3.90371e+04   -3.60815e+04    2.94696e+02
 Pres. DC (bar) Pressure (bar)   Constr. rmsd
   -8.19294e+01    4.18458e+02    5.70526e-06

Writing checkpoint, step 1409440 at Sat Dec 20 12:35:29 2025


           Step           Time
        1450000     2900.00000

   Energies (kJ/mol)
           Bond          Angle    Proper Dih. Per. Imp. Dih.          LJ-14
    1.75715e+01    2.73053e+01    1.30763e+01    3.59956e-01    1.98487e+00
     Coulomb-14        LJ (SR)  Disper. corr.   Coulomb (SR)   Coul. recip.
    9.54214e+02    8.32491e+03   -1.47114e+02   -5.54729e+04    1.38225e+02
      Potential    Kinetic En.   Total Energy  Conserved En.    Temperature
   -4.61424e+04    7.55362e+03   -3.85888e+04   -3.60106e+04    3.01825e+02
 Pres. DC (bar) Pressure (bar)   Constr. rmsd
   -8.19294e+01   -3.75552e+02    7.47978e-06

           Step           Time
        1500000     3000.00000

   Energies (kJ/mol)
           Bond          Angle    Proper Dih. Per. Imp. Dih.          LJ-14
    1.33109e+01    3.06456e+01    1.82237e+01    1.62784e-03    3.07655e+00
     Coulomb-14        LJ (SR)  Disper. corr.   Coulomb (SR)   Coul. recip.
    9.30714e+02    8.56432e+03   -1.47114e+02   -5.58497e+04    1.13807e+02
      Potential    Kinetic En.   Total Energy  Conserved En.    Temperature
   -4.63227e+04    7.48761e+03   -3.88351e+04   -3.59181e+04    2.99187e+02
 Pres. DC (bar) Pressure (bar)   Constr. rmsd
   -8.19294e+01    1.17467e+02    2.85943e-06

           Step           Time
        1550000     3100.00000

   Energies (kJ/mol)
           Bond          Angle    Proper Dih. Per. Imp. Dih.          LJ-14
    7.92948e+00    3.90404e+01    1.51471e+01    3.08505e-03    1.09913e+00
     Coulomb-14        LJ (SR)  Disper. corr.   Coulomb (SR)   Coul. recip.
    9.45707e+02    8.70371e+03   -1.47114e+02   -5.59141e+04    1.37292e+02
      Potential    Kinetic En.   Total Energy  Conserved En.    Temperature
   -4.62113e+04    7.48812e+03   -3.87231e+04   -3.58354e+04    2.99207e+02
 Pres. DC (bar) Pressure (bar)   Constr. rmsd
   -8.19294e+01    2.93377e+02    1.94033e-06

           Step           Time
        1600000     3200.00000

   Energies (kJ/mol)
           Bond          Angle    Proper Dih. Per. Imp. Dih.          LJ-14
    8.29838e+00    4.31903e+01    1.21288e+01    2.36863e+00    1.79509e+00
     Coulomb-14        LJ (SR)  Disper. corr.   Coulomb (SR)   Coul. recip.
    9.53708e+02    8.61462e+03   -1.47114e+02   -5.63850e+04    1.14148e+02
      Potential    Kinetic En.   Total Energy  Conserved En.    Temperature
   -4.67818e+04    7.72328e+03   -3.90585e+04   -3.57519e+04    3.08604e+02
 Pres. DC (bar) Pressure (bar)   Constr. rmsd
   -8.19294e+01   -2.31011e+02    1.20585e-06

           Step           Time
        1650000     3300.00000

   Energies (kJ/mol)
           Bond          Angle    Proper Dih. Per. Imp. Dih.          LJ-14
    9.96245e+00    3.35285e+01    1.57447e+01    1.05057e+00    3.50245e+00
     Coulomb-14        LJ (SR)  Disper. corr.   Coulomb (SR)   Coul. recip.
    9.93580e+02    8.57369e+03   -1.47114e+02   -5.60787e+04    1.18620e+02
      Potential    Kinetic En.   Total Energy  Conserved En.    Temperature
   -4.64761e+04    7.64018e+03   -3.88360e+04   -3.56686e+04    3.05283e+02
 Pres. DC (bar) Pressure (bar)   Constr. rmsd
   -8.19294e+01   -1.05857e+02    4.43599e-06

           Step           Time
        1700000     3400.00000

   Energies (kJ/mol)
           Bond          Angle    Proper Dih. Per. Imp. Dih.          LJ-14
    1.51827e+01    4.40295e+01    1.19836e+01    1.94427e-02    2.58165e+00
     Coulomb-14        LJ (SR)  Disper. corr.   Coulomb (SR)   Coul. recip.
    9.86726e+02    8.87567e+03   -1.47114e+02   -5.64806e+04    1.14010e+02
      Potential    Kinetic En.   Total Energy  Conserved En.    Temperature
   -4.65775e+04    7.54776e+03   -3.90297e+04   -3.55861e+04    3.01590e+02
 Pres. DC (bar) Pressure (bar)   Constr. rmsd
   -8.19294e+01    1.48121e+02    1.38050e-06

Writing checkpoint, step 1701520 at Sat Dec 20 12:50:29 2025


           Step           Time
        1750000     3500.00000

   Energies (kJ/mol)
           Bond          Angle    Proper Dih. Per. Imp. Dih.          LJ-14
    1.23981e+01    4.92220e+01    1.38546e+01    6.32295e-01    4.17342e-01
     Coulomb-14        LJ (SR)  Disper. corr.   Coulomb (SR)   Coul. recip.
    9.45183e+02    8.79646e+03   -1.47114e+02   -5.63418e+04    1.34545e+02
      Potential    Kinetic En.   Total Energy  Conserved En.    Temperature
   -4.65362e+04    7.84231e+03   -3.86939e+04   -3.55131e+04    3.13360e+02
 Pres. DC (bar) Pressure (bar)   Constr. rmsd
   -8.19294e+01    1.78908e+02    2.79689e-06

           Step           Time
        1800000     3600.00000

   Energies (kJ/mol)
           Bond          Angle    Proper Dih. Per. Imp. Dih.          LJ-14
    5.97642e+00    2.90975e+01    1.22528e+01    1.58498e-01   -2.06049e-01
     Coulomb-14        LJ (SR)  Disper. corr.   Coulomb (SR)   Coul. recip.
    9.66687e+02    8.43829e+03   -1.47114e+02   -5.56494e+04    1.31434e+02
      Potential    Kinetic En.   Total Energy  Conserved En.    Temperature
   -4.62129e+04    7.43828e+03   -3.87746e+04   -3.54408e+04    2.97216e+02
 Pres. DC (bar) Pressure (bar)   Constr. rmsd
   -8.19294e+01   -1.28314e+02    4.68017e-06

           Step           Time
        1850000     3700.00000

   Energies (kJ/mol)
           Bond          Angle    Proper Dih. Per. Imp. Dih.          LJ-14
    8.93337e+00    5.71742e+01    2.24565e+01    1.09892e-02    7.41199e+00
     Coulomb-14        LJ (SR)  Disper. corr.   Coulomb (SR)   Coul. recip.
    9.87411e+02    8.50929e+03   -1.47114e+02   -5.60615e+04    1.58302e+02
      Potential    Kinetic En.   Total Energy  Conserved En.    Temperature
   -4.64576e+04    7.29640e+03   -3.91612e+04   -3.53520e+04    2.91547e+02
 Pres. DC (bar) Pressure (bar)   Constr. rmsd
   -8.19294e+01   -1.78487e+02    4.90070e-06

           Step           Time
        1900000     3800.00000

   Energies (kJ/mol)
           Bond          Angle    Proper Dih. Per. Imp. Dih.          LJ-14
    7.56840e+00    5.26863e+01    1.25804e+01    2.08776e+00    7.88485e-01
     Coulomb-14        LJ (SR)  Disper. corr.   Coulomb (SR)   Coul. recip.
    9.73353e+02    8.99480e+03   -1.47114e+02   -5.67351e+04    1.00877e+02
      Potential    Kinetic En.   Total Energy  Conserved En.    Temperature
   -4.67375e+04    7.45781e+03   -3.92797e+04   -3.52781e+04    2.97996e+02
 Pres. DC (bar) Pressure (bar)   Constr. rmsd
   -8.19294e+01    3.80115e+02    2.61145e-06

           Step           Time
        1950000     3900.00000

   Energies (kJ/mol)
           Bond          Angle    Proper Dih. Per. Imp. Dih.          LJ-14
    1.46593e+01    4.51523e+01    1.32015e+01    8.75485e-01    3.13733e+00
     Coulomb-14        LJ (SR)  Disper. corr.   Coulomb (SR)   Coul. recip.
    9.73417e+02    8.51167e+03   -1.47114e+02   -5.58135e+04    1.20740e+02
      Potential    Kinetic En.   Total Energy  Conserved En.    Temperature
   -4.62777e+04    7.69344e+03   -3.85843e+04   -3.51773e+04    3.07411e+02
 Pres. DC (bar) Pressure (bar)   Constr. rmsd
   -8.19294e+01   -3.32400e+02    2.47434e-06

Writing checkpoint, step 1993920 at Sat Dec 20 13:05:29 2025


           Step           Time
        2000000     4000.00000

   Energies (kJ/mol)
           Bond          Angle    Proper Dih. Per. Imp. Dih.          LJ-14
    2.20233e+01    2.61795e+01    1.45439e+01    2.89189e-01    1.97965e+00
     Coulomb-14        LJ (SR)  Disper. corr.   Coulomb (SR)   Coul. recip.
    9.79085e+02    8.86389e+03   -1.47114e+02   -5.65618e+04    1.24235e+02
      Potential    Kinetic En.   Total Energy  Conserved En.    Temperature
   -4.66767e+04    7.61753e+03   -3.90592e+04   -3.50875e+04    3.04378e+02
 Pres. DC (bar) Pressure (bar)   Constr. rmsd
   -8.19294e+01    7.71827e+01    1.17861e-06

           Step           Time
        2050000     4100.00000

   Energies (kJ/mol)
           Bond          Angle    Proper Dih. Per. Imp. Dih.          LJ-14
    1.19967e+01    4.30936e+01    1.62969e+01    2.40282e-01    4.47380e+00
     Coulomb-14        LJ (SR)  Disper. corr.   Coulomb (SR)   Coul. recip.
    9.54142e+02    9.03964e+03   -1.47114e+02   -5.65268e+04    1.08520e+02
      Potential    Kinetic En.   Total Energy  Conserved En.    Temperature
   -4.64955e+04    7.55548e+03   -3.89400e+04   -3.50188e+04    3.01899e+02
 Pres. DC (bar) Pressure (bar)   Constr. rmsd
   -8.19294e+01    6.04538e+02    7.27477e-06

           Step           Time
        2100000     4200.00000

   Energies (kJ/mol)
           Bond          Angle    Proper Dih. Per. Imp. Dih.          LJ-14
    1.25030e+01    5.42027e+01    1.62212e+01    4.22012e-02    4.20214e+00
     Coulomb-14        LJ (SR)  Disper. corr.   Coulomb (SR)   Coul. recip.
    9.34215e+02    8.58710e+03   -1.47114e+02   -5.60818e+04    1.15806e+02
      Potential    Kinetic En.   Total Energy  Conserved En.    Temperature
   -4.65046e+04    7.43223e+03   -3.90724e+04   -3.49385e+04    2.96974e+02
 Pres. DC (bar) Pressure (bar)   Constr. rmsd
   -8.19294e+01   -2.97162e+02    2.11432e-06

           Step           Time
        2150000     4300.00000

   Energies (kJ/mol)
           Bond          Angle    Proper Dih. Per. Imp. Dih.          LJ-14
    6.94714e+00    3.40412e+01    1.78472e+01    1.08042e+00    7.56576e+00
     Coulomb-14        LJ (SR)  Disper. corr.   Coulomb (SR)   Coul. recip.
    1.00428e+03    8.97461e+03   -1.47114e+02   -5.62813e+04    1.51522e+02
      Potential    Kinetic En.   Total Energy  Conserved En.    Temperature
   -4.62306e+04    7.35930e+03   -3.88713e+04   -3.48574e+04    2.94060e+02
 Pres. DC (bar) Pressure (bar)   Constr. rmsd
   -8.19294e+01    7.69372e+02    1.31709e-06

           Step           Time
        2200000     4400.00000

   Energies (kJ/mol)
           Bond          Angle    Proper Dih. Per. Imp. Dih.          LJ-14
    7.63273e+00    3.61215e+01    1.40843e+01    4.20786e-01    1.58856e+00
     Coulomb-14        LJ (SR)  Disper. corr.   Coulomb (SR)   Coul. recip.
    9.61396e+02    8.93366e+03   -1.47114e+02   -5.67759e+04    1.09157e+02
      Potential    Kinetic En.   Total Energy  Conserved En.    Temperature
   -4.68589e+04    7.42028e+03   -3.94387e+04   -3.47766e+04    2.96496e+02
 Pres. DC (bar) Pressure (bar)   Constr. rmsd
   -8.19294e+01    8.14626e+01    1.65978e-06

           Step           Time
        2250000     4500.00000

   Energies (kJ/mol)
           Bond          Angle    Proper Dih. Per. Imp. Dih.          LJ-14
    2.62515e+00    4.48264e+01    1.31648e+01    8.99355e-01    7.75931e-01
     Coulomb-14        LJ (SR)  Disper. corr.   Coulomb (SR)   Coul. recip.
    9.43303e+02    8.80738e+03   -1.47114e+02   -5.63003e+04    1.22021e+02
      Potential    Kinetic En.   Total Energy  Conserved En.    Temperature
   -4.65124e+04    7.62082e+03   -3.88916e+04   -3.47016e+04    3.04510e+02
 Pres. DC (bar) Pressure (bar)   Constr. rmsd
   -8.19294e+01    1.41316e+02    1.57296e-06

Writing checkpoint, step 2286160 at Sat Dec 20 13:20:29 2025


           Step           Time
        2300000     4600.00000

   Energies (kJ/mol)
           Bond          Angle    Proper Dih. Per. Imp. Dih.          LJ-14
    8.51091e+00    5.04201e+01    1.46755e+01    5.13930e-02    4.62701e+00
     Coulomb-14        LJ (SR)  Disper. corr.   Coulomb (SR)   Coul. recip.
    9.63999e+02    8.61388e+03   -1.47114e+02   -5.61452e+04    1.37943e+02
      Potential    Kinetic En.   Total Energy  Conserved En.    Temperature
   -4.64982e+04    7.51318e+03   -3.89850e+04   -3.46178e+04    3.00209e+02
 Pres. DC (bar) Pressure (bar)   Constr. rmsd
   -8.19294e+01   -1.84313e+02    6.75162e-06

           Step           Time
        2350000     4700.00000

   Energies (kJ/mol)
           Bond          Angle    Proper Dih. Per. Imp. Dih.          LJ-14
    5.81276e+00    2.82709e+01    1.30637e+01    1.43024e+00    2.64552e+00
     Coulomb-14        LJ (SR)  Disper. corr.   Coulomb (SR)   Coul. recip.
    1.00801e+03    8.53743e+03   -1.47114e+02   -5.60766e+04    1.14116e+02
      Potential    Kinetic En.   Total Energy  Conserved En.    Temperature
   -4.65129e+04    7.41397e+03   -3.90990e+04   -3.45270e+04    2.96245e+02
 Pres. DC (bar) Pressure (bar)   Constr. rmsd
   -8.19294e+01   -3.52417e+02    9.70032e-07

           Step           Time
        2400000     4800.00000

   Energies (kJ/mol)
           Bond          Angle    Proper Dih. Per. Imp. Dih.          LJ-14
    4.54976e+00    3.72962e+01    1.23908e+01    7.90465e-01    2.68536e+00
     Coulomb-14        LJ (SR)  Disper. corr.   Coulomb (SR)   Coul. recip.
    9.65858e+02    8.76027e+03   -1.47114e+02   -5.58379e+04    1.22315e+02
      Potential    Kinetic En.   Total Energy  Conserved En.    Temperature
   -4.60789e+04    7.32999e+03   -3.87489e+04   -3.44454e+04    2.92889e+02
 Pres. DC (bar) Pressure (bar)   Constr. rmsd
   -8.19294e+01    4.55939e+02    2.38578e-06

           Step           Time
        2450000     4900.00000

   Energies (kJ/mol)
           Bond          Angle    Proper Dih. Per. Imp. Dih.          LJ-14
    5.71996e+00    2.87849e+01    1.68736e+01    3.50365e-01    2.58579e+00
     Coulomb-14        LJ (SR)  Disper. corr.   Coulomb (SR)   Coul. recip.
    9.85719e+02    8.25753e+03   -1.47114e+02   -5.55085e+04    1.23760e+02
      Potential    Kinetic En.   Total Energy  Conserved En.    Temperature
   -4.62343e+04    7.50833e+03   -3.87260e+04   -3.43534e+04    3.00015e+02
 Pres. DC (bar) Pressure (bar)   Constr. rmsd
   -8.19294e+01   -3.75118e+02    2.07127e-06

           Step           Time
        2500000     5000.00000

Writing checkpoint, step 2500000 at Sat Dec 20 13:31:28 2025


   Energies (kJ/mol)
           Bond          Angle    Proper Dih. Per. Imp. Dih.          LJ-14
    7.14060e+00    3.22916e+01    1.78505e+01    3.83185e-02    6.85205e-01
     Coulomb-14        LJ (SR)  Disper. corr.   Coulomb (SR)   Coul. recip.
    9.61254e+02    8.44375e+03   -1.47114e+02   -5.56205e+04    1.25396e+02
      Potential    Kinetic En.   Total Energy  Conserved En.    Temperature
   -4.61792e+04    7.41747e+03   -3.87617e+04   -3.42710e+04    2.96384e+02
 Pres. DC (bar) Pressure (bar)   Constr. rmsd
   -8.19294e+01   -1.07672e+01    3.35348e-06


Energy conservation over simulation part #2 of length 4478.6 ps, time 521.4 to 5000 ps
  Conserved energy drift: 2.09e-04 kJ/mol/ps per atom


	<======  ###############  ==>
	<====  A V E R A G E S  ====>
	<==  ###############  ======>

	Statistics over 2500001 steps using 25001 frames

   Energies (kJ/mol)
           Bond          Angle    Proper Dih. Per. Imp. Dih.          LJ-14
    1.12062e+01    3.95273e+01    1.52983e+01    4.21019e-01    3.88847e+00
     Coulomb-14        LJ (SR)  Disper. corr.   Coulomb (SR)   Coul. recip.
    9.64767e+02    8.74311e+03   -1.47114e+02   -5.61414e+04    1.26741e+02
      Potential    Kinetic En.   Total Energy  Conserved En.    Temperature
   -4.63835e+04    7.50784e+03   -3.88757e+04   -3.63470e+04    2.99995e+02
 Pres. DC (bar) Pressure (bar)   Constr. rmsd
   -8.19294e+01    2.29439e+02    0.00000e+00

   Total Virial (kJ/mol)
    2.29094e+03   -6.85879e-01    4.17747e+00
   -6.87288e-01    2.29773e+03    1.39505e+00
    4.17485e+00    1.39542e+00    2.30120e+03

   Pressure (bar)
    2.35683e+02    1.26289e+00   -4.00156e+00
    1.26446e+00    2.28742e+02   -1.90857e+00
   -3.99865e+00   -1.90897e+00    2.23892e+02


	M E G A - F L O P S   A C C O U N T I N G

 NB=Group-cutoff nonbonded kernels    NxN=N-by-N cluster Verlet kernels
 RF=Reaction-Field  VdW=Van der Waals  QSTab=quadratic-spline table
 W3=SPC/TIP3p  W4=TIP4p (single or pairs)
 V&F=Potential and force  V=Potential only  F=Force only

 Computing:                               M-Number         M-Flops  % Flops
-----------------------------------------------------------------------------
 Pair Search distance check           69658.610228      626927.492     0.1
 NxN Ewald Elec. + LJ [F]           5140938.070640   478107240.570    58.1
 NxN Ewald Elec. + LJ [V&F]           51931.427728     6595291.321     0.8
 NxN LJ [F]                           34936.399840     2096183.990     0.3
 NxN LJ [V&F]                           352.220992       22189.922     0.0
 NxN Ewald Elec. [F]                5102847.333392   311273687.337    37.8
 NxN Ewald Elec. [V&F]                51546.569872     4329911.869     0.5
 1,4 nonbonded interactions              60.462747        5441.647     0.0
 Calc Weights                         26912.640498      968855.058     0.1
 Spread Q Bspline                    574136.330624     1148272.661     0.1
 Gather F Bspline                    574136.330624     3444817.984     0.4
 3D-FFT                             1417932.034146    11343456.273     1.4
 Solve PME                            26334.885360     1685432.663     0.2
 Reset In Box                           112.135952         336.408     0.0
 CG-CoM                                 112.139958         336.420     0.0
 Bonds                                   13.436166         792.734     0.0
 Angles                                  49.265942        8276.678     0.0
 Propers                                 60.462747       13845.969     0.0
 Impropers                                2.239361         465.787     0.0
 Virial                                  90.718094        1632.926     0.0
 Stop-CM                                 89.710364         897.104     0.0
 Calc-Ekin                             1794.179238       48442.839     0.0
 Lincs                                   15.675527         940.532     0.0
 Lincs-Mat                              107.489328         429.957     0.0
 Constraint-V                          6735.997888       60623.981     0.0
 Constraint-Vir                          67.204394        1612.905     0.0
 Settle                                2234.882278      826906.443     0.1
 Virtual Site 3                        2257.231490       83517.565     0.0
-----------------------------------------------------------------------------
 Total                                               822696767.037   100.0
-----------------------------------------------------------------------------


    D O M A I N   D E C O M P O S I T I O N   S T A T I S T I C S

 av. #atoms communicated per step for force:  2 x 0.0
 av. #atoms communicated per step for vsites: 3 x 0.0
 av. #atoms communicated per step for LINCS:  2 x 0.0


      R E A L   C Y C L E   A N D   T I M E   A C C O U N T I N G

On 1 MPI rank, each using 4 OpenMP threads

 Activity:              Num   Num      Call    Wall time         Giga-Cycles
                        Ranks Threads  Count      (s)         total sum    %
--------------------------------------------------------------------------------
 Domain decomp.            1    4      27992      15.414        159.782   0.2
 Vsite constr.             1    4    2239361      50.626        524.775   0.7
 Neighbor search           1    4      27993      95.112        985.896   1.4
 Force                     1    4    2239361    5995.594      62148.377  86.2
 PME mesh                  1    4    2239361     641.603       6650.650   9.2
 NB X/F buffer ops.        1    4    4478722      48.448        502.196   0.7
 Vsite spread              1    4    2261755      20.944        217.099   0.3
 Write traj.               1    4       4486       5.236         54.274   0.1
 Update                    1    4    2239361      23.134        239.801   0.3
 Constraints               1    4    2239361      36.935        382.861   0.5
 Kinetic energy            1    4     447873       5.959         61.773   0.1
 Rest                                             19.848        205.734   0.3
--------------------------------------------------------------------------------
 Total                                          6958.854      72133.218 100.0
--------------------------------------------------------------------------------
 Breakdown of PME mesh activities
--------------------------------------------------------------------------------
 PME spread                1    4    2239361     208.000       2156.064   3.0
 PME gather                1    4    2239361     137.212       1422.295   2.0
 PME 3D-FFT                1    4    4478722     257.346       2667.568   3.7
 PME solve Elec            1    4    2239361      34.320        355.755   0.5
--------------------------------------------------------------------------------

               Core t (s)   Wall t (s)        (%)
       Time:    27835.417     6958.854      400.0
                         1h55:58
                 (ns/day)    (hour/ns)
Performance:       55.607        0.432
Finished mdrun on rank 0 Sat Dec 20 13:31:28 2025

